<?xml version="1.0" encoding="UTF-8"?>
<!-- Generated by org.testng.reporters.JUnitXMLReporter -->
<testsuite hostname="DESKTOP-TKCQ9HT" name="FREE CRM Test" tests="5" failures="0" timestamp="8 Sep 2019 06:29:01 GMT" time="0.734" errors="0">
  <testcase name="feature" time="0.046" classname="runner.TestRunner"/>
  <testcase name="feature" time="0.016" classname="runner.TestRunner"/>
  <testcase name="feature" time="0.016" classname="runner.TestRunner"/>
  <testcase name="feature" time="0.016" classname="runner.TestRunner"/>
  <testcase name="feature" time="0.016" classname="runner.TestRunner"/>
</testsuite> <!-- FREE CRM Test -->
