<?xml version="1.0" encoding="UTF-8"?>
<testng-results skipped="0" failed="0" ignored="0" total="1" passed="1">
  <reporter-output>
  </reporter-output>
  <suite name="Default suite" duration-ms="156" started-at="2019-12-02T22:49:21 IST" finished-at="2019-12-02T22:49:21 IST">
    <groups>
    </groups>
    <test name="Default test" duration-ms="156" started-at="2019-12-02T22:49:21 IST" finished-at="2019-12-02T22:49:21 IST">
      <class name="selenium_java_Concepts.ReadMail">
        <test-method status="PASS" signature="read()[pri:0, instance:selenium_java_Concepts.ReadMail@51e2adc7]" name="read" duration-ms="59" started-at="2019-12-02T22:49:21 IST" finished-at="2019-12-02T22:49:21 IST">
          <reporter-output>
          </reporter-output>
        </test-method> <!-- read -->
      </class> <!-- selenium_java_Concepts.ReadMail -->
    </test> <!-- Default test -->
  </suite> <!-- Default suite -->
</testng-results>
